#
# There is insufficient memory for the Java Runtime Environment to continue.
# Native memory allocation (malloc) failed to allocate 1048576 bytes for AllocateHeap
# Possible reasons:
#   The system is out of physical RAM or swap space
#   The process is running with CompressedOops enabled, and the Java Heap may be blocking the growth of the native heap
# Possible solutions:
#   Reduce memory load on the system
#   Increase physical memory or swap space
#   Check if swap backing store is full
#   Decrease Java heap size (-Xmx/-Xms)
#   Decrease number of Java threads
#   Decrease Java thread stack sizes (-Xss)
#   Set larger code cache with -XX:ReservedCodeCacheSize=
#   JVM is running with Unscaled Compressed Oops mode in which the Java heap is
#     placed in the first 4GB address space. The Java Heap base address is the
#     maximum limit for the native heap growth. Please use -XX:HeapBaseMinAddress
#     to set the Java Heap base and to place the Java Heap above 4GB virtual address.
# This output file may be truncated or incomplete.
#
#  Out of Memory Error (allocation.cpp:44), pid=12452, tid=85276
#
# JRE version:  (20.0.1+9) (build )
# Java VM: Java HotSpot(TM) 64-Bit Server VM (20.0.1+9-29, mixed mode, sharing, tiered, compressed oops, compressed class ptrs, g1 gc, windows-amd64)
# No core dump will be written. Minidumps are not enabled by default on client versions of Windows
#

---------------  S U M M A R Y ------------

Command Line: com.fpoly.quanlybanhang.Form.TrangChu

Host: AMD Ryzen 5 5500U with Radeon Graphics         , 12 cores, 5G,  Windows 10 , 64 bit Build 19041 (10.0.19041.3155)
Time: Mon Jul 31 03:56:10 2023 SE Asia Standard Time elapsed time: 0.010697 seconds (0d 0h 0m 0s)

---------------  T H R E A D  ---------------

Current thread (0x0000027b37f43bb0):  JavaThread "Unknown thread" [_thread_in_vm, id=85276, stack(0x000000e45c700000,0x000000e45c800000)]

Stack: [0x000000e45c700000,0x000000e45c800000]
Native frames: (J=compiled Java code, j=interpreted, Vv=VM code, C=native code)
V  [jvm.dll+0x6bb95a]
V  [jvm.dll+0x8485fa]
V  [jvm.dll+0x84a1f5]
V  [jvm.dll+0x84a8f3]
V  [jvm.dll+0x280b0f]
V  [jvm.dll+0xbcec5]
V  [jvm.dll+0x329165]
V  [jvm.dll+0x81128a]
V  [jvm.dll+0x3c0d91]
V  [jvm.dll+0x7fcfe3]
V  [jvm.dll+0x44c76f]
V  [jvm.dll+0x44e0e1]
C  [jli.dll+0x5287]
C  [ucrtbase.dll+0x21bb2]
C  [KERNEL32.DLL+0x17614]
C  [ntdll.dll+0x526b1]


---------------  P R O C E S S  ---------------

Threads class SMR info:
_java_thread_list=0x00007ffb4c98a098, length=0, elements={
}

Java Threads: ( => current thread )

Other Threads:

=>0x0000027b37f43bb0 (exited) JavaThread "Unknown thread" [_thread_in_vm, id=85276, stack(0x000000e45c700000,0x000000e45c800000)]

Threads with active compile tasks:

VM state: not at safepoint (not fully initialized)

VM Mutex/Monitor currently owned by a thread: None

Heap address: 0x0000000000000000, size: 0 MB, Compressed Oops mode: 32-bit

CDS archive(s) mapped at: [0x0000000000000000-0x0000000000000000-0x0000000000000000), size 0, SharedBaseAddress: 0x0000000800000000, ArchiveRelocationMode: 0.
Narrow klass base: 0x0000000000000000, Narrow klass shift: 0, Narrow klass range: 0x0

GC Precious Log:
 CardTable entry size: 512
 Card Set container configuration: InlinePtr #cards 5 size 8 Array Of Cards #cards 12 size 40 Howl #buckets 4 coarsen threshold 1843 Howl Bitmap #cards 512 size 80 coarsen threshold 460 Card regions per heap region 1 cards per card region 2048

GC Heap History (0 events):
No events

Dll operation events (1 events):
Event: 0.006 Loaded shared library C:\Program Files\Java\jdk-20\bin\java.dll

Deoptimization events (0 events):
No events

Classes loaded (0 events):
No events

Classes unloaded (0 events):
No events

Classes redefined (0 events):
No events

Internal exceptions (0 events):
No events

VM Operations (0 events):
No events

Events (0 events):
No events


Dynamic libraries:
0x00007ff73c700000 - 0x00007ff73c710000 	C:\Program Files\Java\jdk-20\bin\java.exe
0x00007ffb92350000 - 0x00007ffb92548000 	C:\WINDOWS\SYSTEM32\ntdll.dll
0x00007ffb90630000 - 0x00007ffb906ef000 	C:\WINDOWS\System32\KERNEL32.DLL
0x00007ffb8fd30000 - 0x00007ffb90026000 	C:\WINDOWS\System32\KERNELBASE.dll
0x00007ffb8fa30000 - 0x00007ffb8fb30000 	C:\WINDOWS\System32\ucrtbase.dll
0x00007ffb84fd0000 - 0x00007ffb84feb000 	C:\Program Files\Java\jdk-20\bin\VCRUNTIME140.dll
0x00007ffb7fbd0000 - 0x00007ffb7fbe9000 	C:\Program Files\Java\jdk-20\bin\jli.dll
0x00007ffb90ab0000 - 0x00007ffb90b5f000 	C:\WINDOWS\System32\ADVAPI32.dll
0x00007ffb90cb0000 - 0x00007ffb90d4e000 	C:\WINDOWS\System32\msvcrt.dll
0x00007ffb90b60000 - 0x00007ffb90bfc000 	C:\WINDOWS\System32\sechost.dll
0x00007ffb903c0000 - 0x00007ffb904e6000 	C:\WINDOWS\System32\RPCRT4.dll
0x00007ffb90770000 - 0x00007ffb9090d000 	C:\WINDOWS\System32\USER32.dll
0x00007ffb7e570000 - 0x00007ffb7e80a000 	C:\WINDOWS\WinSxS\amd64_microsoft.windows.common-controls_6595b64144ccf1df_6.0.19041.1110_none_60b5254171f9507e\COMCTL32.dll
0x00007ffb901d0000 - 0x00007ffb901f2000 	C:\WINDOWS\System32\win32u.dll
0x00007ffb91e10000 - 0x00007ffb91e3c000 	C:\WINDOWS\System32\GDI32.dll
0x00007ffb90290000 - 0x00007ffb903a5000 	C:\WINDOWS\System32\gdi32full.dll
0x00007ffb90030000 - 0x00007ffb900cd000 	C:\WINDOWS\System32\msvcp_win.dll
0x00007ffb870a0000 - 0x00007ffb870aa000 	C:\WINDOWS\SYSTEM32\VERSION.dll
0x00007ffb92280000 - 0x00007ffb922b0000 	C:\WINDOWS\System32\IMM32.DLL
0x00007ffb895f0000 - 0x00007ffb895fc000 	C:\Program Files\Java\jdk-20\bin\vcruntime140_1.dll
0x00007ffb5cfc0000 - 0x00007ffb5d04e000 	C:\Program Files\Java\jdk-20\bin\msvcp140.dll
0x00007ffb4be30000 - 0x00007ffb4cac7000 	C:\Program Files\Java\jdk-20\bin\server\jvm.dll
0x00007ffb85ed0000 - 0x00007ffb85ef7000 	C:\WINDOWS\SYSTEM32\WINMM.dll
0x00007ffb8e200000 - 0x00007ffb8e209000 	C:\WINDOWS\SYSTEM32\WSOCK32.dll
0x00007ffb90910000 - 0x00007ffb9097b000 	C:\WINDOWS\System32\WS2_32.dll
0x00007ffb8e2a0000 - 0x00007ffb8e2b2000 	C:\WINDOWS\SYSTEM32\kernel.appcore.dll
0x00007ffb889c0000 - 0x00007ffb889ca000 	C:\Program Files\Java\jdk-20\bin\jimage.dll
0x00007ffb8d690000 - 0x00007ffb8d874000 	C:\WINDOWS\SYSTEM32\DBGHELP.DLL
0x00007ffb7c5b0000 - 0x00007ffb7c5e4000 	C:\WINDOWS\SYSTEM32\dbgcore.DLL
0x00007ffb90200000 - 0x00007ffb90282000 	C:\WINDOWS\System32\bcryptPrimitives.dll
0x00007ffb80dc0000 - 0x00007ffb80de6000 	C:\Program Files\Java\jdk-20\bin\java.dll

dbghelp: loaded successfully - version: 4.0.5 - missing functions: none
symbol engine: initialized successfully - sym options: 0x614 - pdb path: .;C:\Program Files\Java\jdk-20\bin;C:\WINDOWS\SYSTEM32;C:\WINDOWS\WinSxS\amd64_microsoft.windows.common-controls_6595b64144ccf1df_6.0.19041.1110_none_60b5254171f9507e;C:\Program Files\Java\jdk-20\bin\server

VM Arguments:
java_command: com.fpoly.quanlybanhang.Form.TrangChu
java_class_path (initial): D:\QuanLyBanHang-master (4)\target\classes;C:\Users\TSC\.m2\repository\com\microsoft\sqlserver\mssql-jdbc\8.2.0.jre8\mssql-jdbc-8.2.0.jre8.jar;C:\Users\TSC\.m2\repository\org\netbeans\external\AbsoluteLayout\RELEASE120\AbsoluteLayout-RELEASE120.jar;C:\Users\TSC\.m2\repository\jfree\jfreechart\1.0.13\jfreechart-1.0.13.jar;C:\Users\TSC\.m2\repository\jfree\jcommon\1.0.16\jcommon-1.0.16.jar;C:\Users\TSC\.m2\repository\org\hamcrest\hamcrest-core\1.3\hamcrest-core-1.3.jar;C:\Users\TSC\.m2\repository\org\jfree\jcommon\1.0.23\jcommon-1.0.23.jar;C:\Users\TSC\.m2\repository\org\jfree\jfreesvg\2.0\jfreesvg-2.0.jar;C:\Users\TSC\.m2\repository\junit\junit\4.11\junit-4.11.jar;C:\Users\TSC\.m2\repository\tomcat\servlet\4.0.6\servlet-4.0.6.jar;C:\Users\TSC\.m2\repository\com\toedter\jcalendar\1.4\jcalendar-1.4.jar
Launcher Type: SUN_STANDARD

[Global flags]
     intx CICompilerCount                          = 4                                         {product} {ergonomic}
     uint ConcGCThreads                            = 3                                         {product} {ergonomic}
     uint G1ConcRefinementThreads                  = 10                                        {product} {ergonomic}
   size_t G1HeapRegionSize                         = 1048576                                   {product} {ergonomic}
    uintx GCDrainStackTargetSize                   = 64                                        {product} {ergonomic}
   size_t InitialHeapSize                          = 98566144                                  {product} {ergonomic}
   size_t MarkStackSize                            = 4194304                                   {product} {ergonomic}
   size_t MaxHeapSize                              = 1574961152                                {product} {ergonomic}
   size_t MinHeapDeltaBytes                        = 1048576                                   {product} {ergonomic}
   size_t MinHeapSize                              = 8388608                                   {product} {ergonomic}
    uintx NonNMethodCodeHeapSize                   = 5839372                                {pd product} {ergonomic}
    uintx NonProfiledCodeHeapSize                  = 122909434                              {pd product} {ergonomic}
    uintx ProfiledCodeHeapSize                     = 122909434                              {pd product} {ergonomic}
    uintx ReservedCodeCacheSize                    = 251658240                              {pd product} {ergonomic}
     bool SegmentedCodeCache                       = true                                      {product} {ergonomic}
   size_t SoftMaxHeapSize                          = 1574961152                             {manageable} {ergonomic}
     bool UseCompressedClassPointers               = true                           {product lp64_product} {ergonomic}
     bool UseCompressedOops                        = true                           {product lp64_product} {ergonomic}
     bool UseG1GC                                  = true                                      {product} {ergonomic}
     bool UseLargePagesIndividualAllocation        = false                                  {pd product} {ergonomic}

Logging:
Log output configuration:
 #0: stdout all=warning uptime,level,tags foldmultilines=false
 #1: stderr all=off uptime,level,tags foldmultilines=false

Environment Variables:
JAVA_HOME=C:\Program Files\Java\jdk-20
PATH=C:\Program Files (x86)\VMware\VMware Workstation\bin\;C:\Program Files\Common Files\Oracle\Java\javapath;C:\WINDOWS\system32;C:\WINDOWS;C:\WINDOWS\System32\Wbem;C:\WINDOWS\System32\WindowsPowerShell\v1.0\;C:\WINDOWS\System32\OpenSSH\;C:\Program Files\Microsoft SQL Server\Client SDK\ODBC\170\Tools\Binn\;C:\Program Files (x86)\Microsoft SQL Server\150\Tools\Binn\;C:\Program Files\Microsoft SQL Server\150\Tools\Binn\;C:\Program Files\Microsoft SQL Server\150\DTS\Binn\;C:\Program Files (x86)\Microsoft SQL Server\160\DTS\Binn\;C:\Program Files\Azure Data Studio\bin;C:\Program Files\Microsoft SQL Server\130\Tools\Binn\;C:\Program Files\dotnet\;C:\Program Files\Git\cmd;C:\Users\TSC\AppData\Local\Microsoft\WindowsApps;;C:\Program Files\Azure Data Studio\bin;C:\Users\TSC\.dotnet\tools;C:\Users\TSC\AppData\Local\Programs\Azure Data Studio\bin;C:\Users\TSC\AppData\Local\Programs\Microsoft VS Code\bin
USERNAME=TSC
OS=Windows_NT
PROCESSOR_IDENTIFIER=AMD64 Family 23 Model 104 Stepping 1, AuthenticAMD
TMP=C:\Users\TSC\AppData\Local\Temp
TEMP=C:\Users\TSC\AppData\Local\Temp




---------------  S Y S T E M  ---------------

OS:
 Windows 10 , 64 bit Build 19041 (10.0.19041.3155)
OS uptime: 7 days 23:39 hours

CPU: total 12 (initial active 12) (12 cores per cpu, 2 threads per core) family 23 model 104 stepping 1 microcode 0x0, cx8, cmov, fxsr, ht, mmx, 3dnowpref, sse, sse2, sse3, ssse3, sse4a, sse4.1, sse4.2, popcnt, lzcnt, tsc, tscinvbit, avx, avx2, aes, clmul, bmi1, bmi2, adx, sha, fma, vzeroupper, clflush, clflushopt, rdtscp, rdpid, f16c

Memory: 4k page, system-wide physical 6005M (253M free)
TotalPageFile size 24437M (AvailPageFile size 5M)
current process WorkingSet (physical memory assigned to process): 9M, peak: 9M
current process commit charge ("private bytes"): 15M, peak: 16M

vm_info: Java HotSpot(TM) 64-Bit Server VM (20.0.1+9-29) for windows-amd64 JRE (20.0.1+9-29), built on 2023-03-07T13:56:11Z by "mach5one" with MS VC++ 17.1 (VS2022)

END.
